<?xml version="1.0" encoding="UTF-8"?>
<!-- Generated by org.testng.reporters.JUnitXMLReporter -->
<testsuite hostname="XIPL9411" ignored="0" name="Default test" tests="3" failures="0" timestamp="2020-06-04T16:13:23 IST" time="44.821" errors="0">
  <testcase name="LandingpageLogTest" time="0.111" classname="com.qa.tests.LandingPageTest"/>
  <testcase name="LandingpageTitleTest" time="0.009" classname="com.qa.tests.LandingPageTest"/>
  <testcase name="openElementsPageTest" time="0.001" classname="com.qa.tests.LandingPageTest"/>
</testsuite> <!-- Default test -->
